<?xml version="1.0" encoding="UTF-8"?>
<testsuite xmlns:xsi="http://www.w3.org/2001/XMLSchema-instance" xsi:noNamespaceSchemaLocation="https://maven.apache.org/surefire/maven-surefire-plugin/xsd/surefire-test-report-3.0.xsd" version="3.0" name="TaskManagerMockTest" time="0.904" tests="4" errors="0" skipped="0" failures="0">
  <properties>
    <property name="java.specification.version" value="24"/>
    <property name="sun.cpu.isalist" value="amd64"/>
    <property name="sun.jnu.encoding" value="Cp1252"/>
    <property name="java.class.path" value="C:\Users\eduardo\Documents\NetBeansProjects\trabalho-teste-de-software-1-bimestre\target\test-classes;C:\Users\eduardo\Documents\NetBeansProjects\trabalho-teste-de-software-1-bimestre\target\classes;C:\Users\eduardo\.m2\repository\org\junit\jupiter\junit-jupiter-api\5.9.2\junit-jupiter-api-5.9.2.jar;C:\Users\eduardo\.m2\repository\org\opentest4j\opentest4j\1.2.0\opentest4j-1.2.0.jar;C:\Users\eduardo\.m2\repository\org\junit\platform\junit-platform-commons\1.9.2\junit-platform-commons-1.9.2.jar;C:\Users\eduardo\.m2\repository\org\apiguardian\apiguardian-api\1.1.2\apiguardian-api-1.1.2.jar;C:\Users\eduardo\.m2\repository\org\junit\jupiter\junit-jupiter-engine\5.9.2\junit-jupiter-engine-5.9.2.jar;C:\Users\eduardo\.m2\repository\org\junit\platform\junit-platform-engine\1.9.2\junit-platform-engine-1.9.2.jar;C:\Users\eduardo\.m2\repository\junit\junit\4.13.2\junit-4.13.2.jar;C:\Users\eduardo\.m2\repository\org\hamcrest\hamcrest-core\1.3\hamcrest-core-1.3.jar;C:\Users\eduardo\.m2\repository\org\mockito\mockito-core\5.3.1\mockito-core-5.3.1.jar;C:\Users\eduardo\.m2\repository\net\bytebuddy\byte-buddy\1.14.4\byte-buddy-1.14.4.jar;C:\Users\eduardo\.m2\repository\net\bytebuddy\byte-buddy-agent\1.14.4\byte-buddy-agent-1.14.4.jar;C:\Users\eduardo\.m2\repository\org\objenesis\objenesis\3.3\objenesis-3.3.jar;C:\Users\eduardo\.m2\repository\org\mockito\mockito-junit-jupiter\5.3.1\mockito-junit-jupiter-5.3.1.jar;C:\Users\eduardo\.m2\repository\org\assertj\assertj-core\3.24.2\assertj-core-3.24.2.jar;C:\Users\eduardo\.m2\repository\org\assertj\assertj-swing\3.17.1\assertj-swing-3.17.1.jar;C:\Users\eduardo\.m2\repository\org\easytesting\fest-util\1.2.5\fest-util-1.2.5.jar;"/>
    <property name="java.vm.vendor" value="Azul Systems, Inc."/>
    <property name="sun.arch.data.model" value="64"/>
    <property name="user.variant" value=""/>
    <property name="java.vendor.url" value="http://www.azul.com/"/>
    <property name="user.timezone" value="America/Sao_Paulo"/>
    <property name="os.name" value="Windows 11"/>
    <property name="java.vm.specification.version" value="24"/>
    <property name="user.country" value="BR"/>
    <property name="sun.java.launcher" value="SUN_STANDARD"/>
    <property name="sun.boot.library.path" value="C:\Program Files\Apache NetBeans\jdk\bin"/>
    <property name="sun.java.command" value="C:\Users\eduardo\AppData\Local\Temp\surefire9275234779292856290\surefirebooter-20251006232739950_3.jar C:\Users\eduardo\AppData\Local\Temp\surefire9275234779292856290 2025-10-06T23-27-39_822-jvmRun1 surefire-20251006232739950_1tmp surefire_0-20251006232739950_2tmp"/>
    <property name="jdk.debug" value="release"/>
    <property name="test" value="TaskManagerMockTest"/>
    <property name="surefire.test.class.path" value="C:\Users\eduardo\Documents\NetBeansProjects\trabalho-teste-de-software-1-bimestre\target\test-classes;C:\Users\eduardo\Documents\NetBeansProjects\trabalho-teste-de-software-1-bimestre\target\classes;C:\Users\eduardo\.m2\repository\org\junit\jupiter\junit-jupiter-api\5.9.2\junit-jupiter-api-5.9.2.jar;C:\Users\eduardo\.m2\repository\org\opentest4j\opentest4j\1.2.0\opentest4j-1.2.0.jar;C:\Users\eduardo\.m2\repository\org\junit\platform\junit-platform-commons\1.9.2\junit-platform-commons-1.9.2.jar;C:\Users\eduardo\.m2\repository\org\apiguardian\apiguardian-api\1.1.2\apiguardian-api-1.1.2.jar;C:\Users\eduardo\.m2\repository\org\junit\jupiter\junit-jupiter-engine\5.9.2\junit-jupiter-engine-5.9.2.jar;C:\Users\eduardo\.m2\repository\org\junit\platform\junit-platform-engine\1.9.2\junit-platform-engine-1.9.2.jar;C:\Users\eduardo\.m2\repository\junit\junit\4.13.2\junit-4.13.2.jar;C:\Users\eduardo\.m2\repository\org\hamcrest\hamcrest-core\1.3\hamcrest-core-1.3.jar;C:\Users\eduardo\.m2\repository\org\mockito\mockito-core\5.3.1\mockito-core-5.3.1.jar;C:\Users\eduardo\.m2\repository\net\bytebuddy\byte-buddy\1.14.4\byte-buddy-1.14.4.jar;C:\Users\eduardo\.m2\repository\net\bytebuddy\byte-buddy-agent\1.14.4\byte-buddy-agent-1.14.4.jar;C:\Users\eduardo\.m2\repository\org\objenesis\objenesis\3.3\objenesis-3.3.jar;C:\Users\eduardo\.m2\repository\org\mockito\mockito-junit-jupiter\5.3.1\mockito-junit-jupiter-5.3.1.jar;C:\Users\eduardo\.m2\repository\org\assertj\assertj-core\3.24.2\assertj-core-3.24.2.jar;C:\Users\eduardo\.m2\repository\org\assertj\assertj-swing\3.17.1\assertj-swing-3.17.1.jar;C:\Users\eduardo\.m2\repository\org\easytesting\fest-util\1.2.5\fest-util-1.2.5.jar;"/>
    <property name="sun.cpu.endian" value="little"/>
    <property name="user.home" value="C:\Users\eduardo"/>
    <property name="user.language" value="pt"/>
    <property name="java.specification.vendor" value="Oracle Corporation"/>
    <property name="java.version.date" value="2025-07-15"/>
    <property name="java.home" value="C:\Program Files\Apache NetBeans\jdk"/>
    <property name="file.separator" value="\"/>
    <property name="basedir" value="C:\Users\eduardo\Documents\NetBeansProjects\trabalho-teste-de-software-1-bimestre"/>
    <property name="java.vm.compressedOopsMode" value="Zero based"/>
    <property name="line.separator" value="&#10;"/>
    <property name="java.vm.specification.vendor" value="Oracle Corporation"/>
    <property name="java.specification.name" value="Java Platform API Specification"/>
    <property name="surefire.real.class.path" value="C:\Users\eduardo\AppData\Local\Temp\surefire9275234779292856290\surefirebooter-20251006232739950_3.jar"/>
    <property name="user.script" value=""/>
    <property name="sun.management.compiler" value="HotSpot 64-Bit Tiered Compilers"/>
    <property name="java.runtime.version" value="24.0.2+12"/>
    <property name="user.name" value="eduardo"/>
    <property name="stdout.encoding" value="Cp1252"/>
    <property name="path.separator" value=";"/>
    <property name="os.version" value="10.0"/>
    <property name="java.runtime.name" value="OpenJDK Runtime Environment"/>
    <property name="file.encoding" value="UTF-8"/>
    <property name="java.vm.name" value="OpenJDK 64-Bit Server VM"/>
    <property name="java.vendor.version" value="Zulu24.32+13-CA"/>
    <property name="maven.ext.class.path" value="C:\Program Files\Apache NetBeans\java\maven-nblib\netbeans-eventspy.jar"/>
    <property name="localRepository" value="C:\Users\eduardo\.m2\repository"/>
    <property name="java.vendor.url.bug" value="http://www.azul.com/support/"/>
    <property name="java.io.tmpdir" value="C:\Users\eduardo\AppData\Local\Temp\"/>
    <property name="java.version" value="24.0.2"/>
    <property name="user.dir" value="C:\Users\eduardo\Documents\NetBeansProjects\trabalho-teste-de-software-1-bimestre"/>
    <property name="os.arch" value="amd64"/>
    <property name="java.vm.specification.name" value="Java Virtual Machine Specification"/>
    <property name="sun.os.patch.level" value=""/>
    <property name="native.encoding" value="Cp1252"/>
    <property name="java.library.path" value="C:\Program Files\Apache NetBeans\jdk\bin;C:\WINDOWS\Sun\Java\bin;C:\WINDOWS\system32;C:\WINDOWS;C:\Program Files (x86)\Common Files\Oracle\Java\java8path;C:\Program Files (x86)\Common Files\Oracle\Java\javapath;C:\Python313\Scripts\;C:\Python313\;C:\WINDOWS\system32;C:\WINDOWS;C:\WINDOWS\System32\Wbem;C:\WINDOWS\System32\WindowsPowerShell\v1.0\;C:\WINDOWS\System32\OpenSSH\;C:\Program Files\Java\jdk-21\bin;C:\Program Files\apache-maven-3.9.8\bin;C:\Program Files (x86)\NVIDIA Corporation\PhysX\Common;C:\Program Files\stripe.exe;C:\mingw64\bin;C:\Program Files\Docker\Docker\resources\bin;C:\Program Files\Go\bin;C:\Program Files\nodejs\;C:\ProgramData\chocolatey\bin;C:\minikube;C:\Program Files\NVIDIA Corporation\NVIDIA App\NvDLISR;C:\Program Files\Kubernetes\Minikube;C:\flutter\bin;C:\Users\eduardo\AppData\Local\Pub\Cache\bin;C:\Program Files\Git\cmd;C:\Program Files\Java\jdk-11\bin;C:\Users\eduardo\AppData\Local\Android\Sdk\platform-tools;C:\Program Files\dotnet\;C:\Users\eduardo\flutter\bin;C:\Program Files (x86)\Common Files\Oracle\Java\java8path;C:\Program Files (x86)\Common Files\Oracle\Java\javapath;C:\Python313\Scripts\;C:\Python313\;C:\WINDOWS\system32;C:\WINDOWS;C:\WINDOWS\System32\Wbem;C:\WINDOWS\System32\WindowsPowerShell\v1.0\;C:\WINDOWS\System32\OpenSSH\;C:\Program Files\Java\jdk-21\bin;C:\Program Files\apache-maven-3.9.8\bin;C:\Program Files (x86)\NVIDIA Corporation\PhysX\Common;C:\Program Files\stripe.exe;C:\mingw64\bin;C:\Program Files\Docker\Docker\resources\bin;C:\Program Files\Go\bin;C:\Program Files\nodejs\;C:\ProgramData\chocolatey\bin;C:\minikube;C:\Program Files\NVIDIA Corporation\NVIDIA App\NvDLISR;C:\Program Files\Kubernetes\Minikube;C:\flutter\bin;C:\Users\eduardo\AppData\Local\Pub\Cache\bin;C:\Program Files\Git\cmd;C:\Program Files\Java\jdk-11\bin;C:\Users\eduardo\AppData\Local\Android\Sdk\platform-tools;C:\Users\eduardo\AppData\Local\Programs\Python\Python312\Scripts\;C:\Users\eduardo\AppData\Local\Programs\Python\Python312\;C:\Users\eduardo\AppData\Local\Microsoft\WindowsApps;C:\Users\eduardo\go\bin;C:\Users\eduardo\AppData\Local\Programs\Microsoft VS Code\bin;C:\ProgramData\eduardo\GitHubDesktop\bin;C:\Users\eduardo\AppData\Local\GitHubDesktop\bin;C:\Users\eduardo\AppData\Local\Microsoft\WinGet\Links;C:\Users\eduardo\AppData\Local\Microsoft\WindowsApps;C:\Users\eduardo\go\bin;C:\Users\eduardo\AppData\Roaming\npm;C:\Program Files\JetBrains\IntelliJ IDEA 2025.2.1\bin;C:\Users\eduardo\flutter\bin;C:\Program Files\Terraform;;."/>
    <property name="java.vm.info" value="mixed mode, sharing"/>
    <property name="stderr.encoding" value="Cp1252"/>
    <property name="java.vendor" value="Azul Systems, Inc."/>
    <property name="java.vm.version" value="24.0.2+12"/>
    <property name="sun.io.unicode.encoding" value="UnicodeLittle"/>
    <property name="java.class.version" value="68.0"/>
  </properties>
  <testcase name="testCRUD" classname="TaskManagerMockTest" time="0.857">
    <system-err><![CDATA[WARNING: A Java agent has been loaded dynamically (C:\Users\eduardo\.m2\repository\net\bytebuddy\byte-buddy-agent\1.14.4\byte-buddy-agent-1.14.4.jar)
WARNING: If a serviceability tool is in use, please run with -XX:+EnableDynamicAgentLoading to hide this warning
WARNING: If a serviceability tool is not in use, please run with -Djdk.instrument.traceUsage for more information
WARNING: Dynamic loading of agents will be disallowed by default in a future release
]]></system-err>
  </testcase>
  <testcase name="testChamadasCorretasAosMetodosDoRepositorio" classname="TaskManagerMockTest" time="0.004"/>
  <testcase name="testErrosEExcecoes" classname="TaskManagerMockTest" time="0.005"/>
  <testcase name="testValidacoesDeNegocio" classname="TaskManagerMockTest" time="0.002"/>
</testsuite>