<?xml version="1.0" encoding="UTF-8"?>
<testsuite xmlns:xsi="http://www.w3.org/2001/XMLSchema-instance" xsi:noNamespaceSchemaLocation="https://maven.apache.org/surefire/maven-surefire-plugin/xsd/surefire-test-report-3.0.xsd" version="3.0" name="TaskManagerMockTest" time="1.605" tests="2" errors="0" skipped="0" failures="0">
  <properties>
    <property name="sun.desktop" value="windows"/>
    <property name="awt.toolkit" value="sun.awt.windows.WToolkit"/>
    <property name="java.specification.version" value="11"/>
    <property name="sun.cpu.isalist" value="amd64"/>
    <property name="sun.jnu.encoding" value="Cp1252"/>
    <property name="java.class.path" value="C:\Users\eduardo\Documents\NetBeansProjects\trabalho-teste-de-software-1-bimestre\target\test-classes;C:\Users\eduardo\Documents\NetBeansProjects\trabalho-teste-de-software-1-bimestre\target\classes;C:\Users\eduardo\.m2\repository\org\junit\jupiter\junit-jupiter-api\5.9.2\junit-jupiter-api-5.9.2.jar;C:\Users\eduardo\.m2\repository\org\opentest4j\opentest4j\1.2.0\opentest4j-1.2.0.jar;C:\Users\eduardo\.m2\repository\org\junit\platform\junit-platform-commons\1.9.2\junit-platform-commons-1.9.2.jar;C:\Users\eduardo\.m2\repository\org\apiguardian\apiguardian-api\1.1.2\apiguardian-api-1.1.2.jar;C:\Users\eduardo\.m2\repository\org\junit\jupiter\junit-jupiter-engine\5.9.2\junit-jupiter-engine-5.9.2.jar;C:\Users\eduardo\.m2\repository\org\junit\platform\junit-platform-engine\1.9.2\junit-platform-engine-1.9.2.jar;C:\Users\eduardo\.m2\repository\junit\junit\4.13.2\junit-4.13.2.jar;C:\Users\eduardo\.m2\repository\org\hamcrest\hamcrest-core\1.3\hamcrest-core-1.3.jar;C:\Users\eduardo\.m2\repository\org\mockito\mockito-core\5.3.1\mockito-core-5.3.1.jar;C:\Users\eduardo\.m2\repository\net\bytebuddy\byte-buddy\1.14.4\byte-buddy-1.14.4.jar;C:\Users\eduardo\.m2\repository\net\bytebuddy\byte-buddy-agent\1.14.4\byte-buddy-agent-1.14.4.jar;C:\Users\eduardo\.m2\repository\org\objenesis\objenesis\3.3\objenesis-3.3.jar;C:\Users\eduardo\.m2\repository\org\mockito\mockito-junit-jupiter\5.3.1\mockito-junit-jupiter-5.3.1.jar;C:\Users\eduardo\.m2\repository\org\assertj\assertj-core\3.24.2\assertj-core-3.24.2.jar;C:\Users\eduardo\.m2\repository\org\assertj\assertj-swing\3.17.1\assertj-swing-3.17.1.jar;C:\Users\eduardo\.m2\repository\org\easytesting\fest-util\1.2.5\fest-util-1.2.5.jar;"/>
    <property name="java.vm.vendor" value="Oracle Corporation"/>
    <property name="sun.arch.data.model" value="64"/>
    <property name="user.variant" value=""/>
    <property name="java.vendor.url" value="https://java.oracle.com/"/>
    <property name="user.timezone" value="America/Sao_Paulo"/>
    <property name="java.vm.specification.version" value="11"/>
    <property name="os.name" value="Windows 11"/>
    <property name="sun.java.launcher" value="SUN_STANDARD"/>
    <property name="user.country" value="BR"/>
    <property name="sun.boot.library.path" value="C:\Program Files\Java\jdk-11\bin"/>
    <property name="sun.java.command" value="C:\Users\eduardo\AppData\Local\Temp\surefire703049009369344162\surefirebooter-20251006002652446_3.jar C:\Users\eduardo\AppData\Local\Temp\surefire703049009369344162 2025-10-06T00-26-52_067-jvmRun1 surefire-20251006002652446_1tmp surefire_0-20251006002652446_2tmp"/>
    <property name="jdk.debug" value="release"/>
    <property name="surefire.test.class.path" value="C:\Users\eduardo\Documents\NetBeansProjects\trabalho-teste-de-software-1-bimestre\target\test-classes;C:\Users\eduardo\Documents\NetBeansProjects\trabalho-teste-de-software-1-bimestre\target\classes;C:\Users\eduardo\.m2\repository\org\junit\jupiter\junit-jupiter-api\5.9.2\junit-jupiter-api-5.9.2.jar;C:\Users\eduardo\.m2\repository\org\opentest4j\opentest4j\1.2.0\opentest4j-1.2.0.jar;C:\Users\eduardo\.m2\repository\org\junit\platform\junit-platform-commons\1.9.2\junit-platform-commons-1.9.2.jar;C:\Users\eduardo\.m2\repository\org\apiguardian\apiguardian-api\1.1.2\apiguardian-api-1.1.2.jar;C:\Users\eduardo\.m2\repository\org\junit\jupiter\junit-jupiter-engine\5.9.2\junit-jupiter-engine-5.9.2.jar;C:\Users\eduardo\.m2\repository\org\junit\platform\junit-platform-engine\1.9.2\junit-platform-engine-1.9.2.jar;C:\Users\eduardo\.m2\repository\junit\junit\4.13.2\junit-4.13.2.jar;C:\Users\eduardo\.m2\repository\org\hamcrest\hamcrest-core\1.3\hamcrest-core-1.3.jar;C:\Users\eduardo\.m2\repository\org\mockito\mockito-core\5.3.1\mockito-core-5.3.1.jar;C:\Users\eduardo\.m2\repository\net\bytebuddy\byte-buddy\1.14.4\byte-buddy-1.14.4.jar;C:\Users\eduardo\.m2\repository\net\bytebuddy\byte-buddy-agent\1.14.4\byte-buddy-agent-1.14.4.jar;C:\Users\eduardo\.m2\repository\org\objenesis\objenesis\3.3\objenesis-3.3.jar;C:\Users\eduardo\.m2\repository\org\mockito\mockito-junit-jupiter\5.3.1\mockito-junit-jupiter-5.3.1.jar;C:\Users\eduardo\.m2\repository\org\assertj\assertj-core\3.24.2\assertj-core-3.24.2.jar;C:\Users\eduardo\.m2\repository\org\assertj\assertj-swing\3.17.1\assertj-swing-3.17.1.jar;C:\Users\eduardo\.m2\repository\org\easytesting\fest-util\1.2.5\fest-util-1.2.5.jar;"/>
    <property name="sun.cpu.endian" value="little"/>
    <property name="user.home" value="C:\Users\eduardo"/>
    <property name="user.language" value="pt"/>
    <property name="java.specification.vendor" value="Oracle Corporation"/>
    <property name="java.version.date" value="2025-04-15"/>
    <property name="java.home" value="C:\Program Files\Java\jdk-11"/>
    <property name="file.separator" value="\"/>
    <property name="basedir" value="C:\Users\eduardo\Documents\NetBeansProjects\trabalho-teste-de-software-1-bimestre"/>
    <property name="java.vm.compressedOopsMode" value="Zero based"/>
    <property name="line.separator" value="&#10;"/>
    <property name="java.specification.name" value="Java Platform API Specification"/>
    <property name="java.vm.specification.vendor" value="Oracle Corporation"/>
    <property name="java.awt.graphicsenv" value="sun.awt.Win32GraphicsEnvironment"/>
    <property name="surefire.real.class.path" value="C:\Users\eduardo\AppData\Local\Temp\surefire703049009369344162\surefirebooter-20251006002652446_3.jar"/>
    <property name="user.script" value=""/>
    <property name="sun.management.compiler" value="HotSpot 64-Bit Tiered Compilers"/>
    <property name="java.runtime.version" value="11.0.27+8-LTS-232"/>
    <property name="user.name" value="eduardo"/>
    <property name="path.separator" value=";"/>
    <property name="os.version" value="10.0"/>
    <property name="java.runtime.name" value="Java(TM) SE Runtime Environment"/>
    <property name="file.encoding" value="Cp1252"/>
    <property name="java.vm.name" value="Java HotSpot(TM) 64-Bit Server VM"/>
    <property name="java.vendor.version" value="18.9"/>
    <property name="localRepository" value="C:\Users\eduardo\.m2\repository"/>
    <property name="java.vendor.url.bug" value="https://bugreport.java.com/bugreport/"/>
    <property name="java.io.tmpdir" value="C:\Users\eduardo\AppData\Local\Temp\"/>
    <property name="java.version" value="11.0.27"/>
    <property name="user.dir" value="C:\Users\eduardo\Documents\NetBeansProjects\trabalho-teste-de-software-1-bimestre"/>
    <property name="os.arch" value="amd64"/>
    <property name="java.vm.specification.name" value="Java Virtual Machine Specification"/>
    <property name="java.awt.printerjob" value="sun.awt.windows.WPrinterJob"/>
    <property name="sun.os.patch.level" value=""/>
    <property name="java.library.path" value="C:\Program Files\Java\jdk-11\bin;C:\WINDOWS\Sun\Java\bin;C:\WINDOWS\system32;C:\WINDOWS;C:\Users\eduardo\flutter\bin\cache\dart-sdk\bin\;C:\Program Files (x86)\Common Files\Oracle\Java\java8path;C:\Program Files (x86)\Common Files\Oracle\Java\javapath;C:\Python313\Scripts\;C:\Python313\;C:\WINDOWS\system32;C:\WINDOWS;C:\WINDOWS\System32\Wbem;C:\WINDOWS\System32\WindowsPowerShell\v1.0\;C:\WINDOWS\System32\OpenSSH\;C:\Program Files\Java\jdk-21\bin;C:\Program Files\apache-maven-3.9.8\bin;C:\Program Files (x86)\NVIDIA Corporation\PhysX\Common;C:\Program Files\stripe.exe;C:\mingw64\bin;C:\Program Files\Docker\Docker\resources\bin;C:\Program Files\Go\bin;C:\Program Files\nodejs\;C:\ProgramData\chocolatey\bin;C:\minikube;C:\Program Files\NVIDIA Corporation\NVIDIA App\NvDLISR;C:\Program Files\Kubernetes\Minikube;C:\flutter\bin;C:\Users\eduardo\AppData\Local\Pub\Cache\bin;C:\Program Files\Git\cmd;C:\Program Files\Java\jdk-11\bin;C:\Users\eduardo\AppData\Local\Android\Sdk\platform-tools;C:\Program Files\dotnet\;C:\Users\eduardo\flutter\bin;C:\Program Files (x86)\Common Files\Oracle\Java\java8path;C:\Program Files (x86)\Common Files\Oracle\Java\javapath;C:\Python313\Scripts\;C:\Python313\;C:\WINDOWS\system32;C:\WINDOWS;C:\WINDOWS\System32\Wbem;C:\WINDOWS\System32\WindowsPowerShell\v1.0\;C:\WINDOWS\System32\OpenSSH\;C:\Program Files\Java\jdk-21\bin;C:\Program Files\apache-maven-3.9.8\bin;C:\Program Files (x86)\NVIDIA Corporation\PhysX\Common;C:\Program Files\stripe.exe;C:\mingw64\bin;C:\Program Files\Docker\Docker\resources\bin;C:\Program Files\Go\bin;C:\Program Files\nodejs\;C:\ProgramData\chocolatey\bin;C:\minikube;C:\Program Files\NVIDIA Corporation\NVIDIA App\NvDLISR;C:\Program Files\Kubernetes\Minikube;C:\flutter\bin;C:\Users\eduardo\AppData\Local\Pub\Cache\bin;C:\Program Files\Git\cmd;C:\Program Files\Java\jdk-11\bin;C:\Users\eduardo\AppData\Local\Android\Sdk\platform-tools;C:\Users\eduardo\AppData\Local\Programs\Python\Python312\Scripts\;C:\Users\eduardo\AppData\Local\Programs\Python\Python312\;C:\Users\eduardo\AppData\Local\Microsoft\WindowsApps;C:\Users\eduardo\go\bin;C:\Users\eduardo\AppData\Local\Programs\Microsoft VS Code\bin;C:\ProgramData\eduardo\GitHubDesktop\bin;C:\Users\eduardo\AppData\Local\GitHubDesktop\bin;C:\Users\eduardo\AppData\Local\Microsoft\WinGet\Links;C:\Users\eduardo\AppData\Local\Microsoft\WindowsApps;C:\Users\eduardo\go\bin;C:\Users\eduardo\AppData\Roaming\npm;C:\Program Files\JetBrains\IntelliJ IDEA 2025.2.1\bin;C:\Users\eduardo\flutter\bin;C:\Program Files\Terraform;;c:\Users\eduardo\AppData\Roaming\Code\User\globalStorage\github.copilot-chat\debugCommand;."/>
    <property name="java.vendor" value="Oracle Corporation"/>
    <property name="java.vm.info" value="mixed mode"/>
    <property name="java.vm.version" value="11.0.27+8-LTS-232"/>
    <property name="java.specification.maintenance.version" value="3"/>
    <property name="sun.io.unicode.encoding" value="UnicodeLittle"/>
    <property name="java.class.version" value="55.0"/>
  </properties>
  <testcase name="testCRUD" classname="TaskManagerMockTest" time="1.557"/>
  <testcase name="testErrosEExcecoes" classname="TaskManagerMockTest" time="0.003"/>
</testsuite>